<?xml version="1.0"?><Event xmlns="http://schemas.microsoft.com/win/2004/08/events/event"><System><Provider Name="Microsoft-Windows-Security-Auditing" Guid="{54849625-5478-4994-A5BA-3E3B0328C30D}"/><EventID>4624</EventID><Version>2</Version><Level>0</Level><Task>12544</Task><Opcode>0</Opcode><Keywords>0x8020000000000000</Keywords><TimeCreated SystemTime="2015-11-12T00:24:35.079785200Z"/><EventRecordID>211</EventRecordID><Correlation ActivityID="{00D66690-1CDF-0000-AC66-D600DF1CD101}"/><Execution ProcessID="716" ThreadID="760"/><Channel>Security</Channel><Computer>WIN-GG82ULGC9GO</Computer><Security/></System><EventData><Data Name="SubjectUserSid">S-1-5-18</Data><Data Name="SubjectUserName">WIN-GG82ULGC9GO$</Data><Data Name="SubjectDomainName">WORKGROUP</Data><Data Name="SubjectLogonId">0x3e7</Data><Data Name="TargetUserSid">S-1-5-21-1377283216-344919071-3415362939-500</Data><Data Name="TargetUserName">Administrator</Data><Data Name="TargetDomainName">WIN-GG82ULGC9GO</Data><Data Name="TargetLogonId">0x8dcdc</Data><Data Name="LogonType">2</Data><Data Name="LogonProcessName">User32</Data><Data Name="AuthenticationPackageName">Negotiate</Data><Data Name="WorkstationName">WIN-GG82ULGC9GO</Data><Data Name="LogonGuid">{00000000-0000-0000-0000-000000000000}</Data><Data Name="TransmittedServices">-</Data><Data Name="LmPackageName">-</Data><Data Name="KeyLength">0</Data><Data Name="ProcessId">0x44c</Data><Data Name="ProcessName">C:\Windows\System32\svchost.exe</Data><Data Name="IpAddress">127.0.0.1</Data><Data Name="IpPort">0</Data><Data Name="ImpersonationLevel">%%1833</Data><Data Name="RestrictedAdminMode">-</Data><Data Name="TargetOutboundUserName">-</Data><Data Name="TargetOutboundDomainName">-</Data><Data Name="VirtualAccount">%%1843</Data><Data Name="TargetLinkedLogonId">0x0</Data><Data Name="ElevatedToken">%%1842</Data></EventData></Event>
<Event xmlns='http://schemas.microsoft.com/win/2004/08/events/event'><System><Provider Name='Microsoft-Windows-Security-Auditing' Guid='{54849625-5478-4994-A5BA-3E3B0328C30D}'/><EventID>4624</EventID><Version>2</Version><Level>0</Level><Task>12544</Task><Opcode>0</Opcode><Keywords>0x8020000000000000</Keywords><TimeCreated SystemTime='2026-09-05T10:15:20.1234567Z'/><EventRecordID>884211</EventRecordID><Correlation/><Execution ProcessID='712' ThreadID='4400'/><Channel>Security</Channel><Computer>FS01.contoso.local</Computer><Security/></System><EventData><Data Name='SubjectUserSid'>S-1-0-0</Data><Data Name='SubjectUserName'>-</Data><Data Name='SubjectDomainName'>-</Data><Data Name='SubjectLogonId'>0x0</Data><Data Name='TargetUserSid'>S-1-5-21-3457937927-2839227994-823803824-1104</Data><Data Name='TargetUserName'>jdoe</Data><Data Name='TargetDomainName'>CONTOSO</Data><Data Name='TargetLogonId'>0x1a2b3c4</Data><Data Name='LogonType'>3</Data><Data Name='LogonProcessName'>Kerberos</Data><Data Name='AuthenticationPackageName'>Kerberos</Data><Data Name='WorkstationName'>-</Data><Data Name='LogonGuid'>{2A6F3E1B-9C4D-4E2F-8A1B-7C3D5E9F0A11}</Data><Data Name='TransmittedServices'>-</Data><Data Name='LmPackageName'>-</Data><Data Name='KeyLength'>0</Data><Data Name='ProcessId'>0x0</Data><Data Name='ProcessName'>-</Data><Data Name='IpAddress'>10.0.0.5</Data><Data Name='IpPort'>49152</Data><Data Name='ImpersonationLevel'>%%1833</Data><Data Name='RestrictedAdminMode'>-</Data><Data Name='TargetOutboundUserName'>-</Data><Data Name='TargetOutboundDomainName'>-</Data><Data Name='VirtualAccount'>%%1843</Data><Data Name='TargetLinkedLogonId'>0x0</Data><Data Name='ElevatedToken'>%%1843</Data></EventData></Event>
<Event xmlns='http://schemas.microsoft.com/win/2004/08/events/event'><System><Provider Name='Microsoft-Windows-Security-Auditing' Guid='{54849625-5478-4994-A5BA-3E3B0328C30D}'/><EventID>4624</EventID><Version>2</Version><Level>0</Level><Task>12544</Task><Opcode>0</Opcode><Keywords>0x8020000000000000</Keywords><TimeCreated SystemTime='2026-09-05T10:16:02.5000000Z'/><EventRecordID>884219</EventRecordID><Correlation/><Execution ProcessID='712' ThreadID='4400'/><Channel>Security</Channel><Computer>FS01.contoso.local</Computer><Security/></System><EventData><Data Name='SubjectUserSid'>S-1-5-18</Data><Data Name='SubjectUserName'>FS01$</Data><Data Name='SubjectDomainName'>CONTOSO</Data><Data Name='SubjectLogonId'>0x3e7</Data><Data Name='TargetUserSid'>S-1-5-21-3457937927-2839227994-823803824-1104</Data><Data Name='TargetUserName'>jdoe</Data><Data Name='TargetDomainName'>CONTOSO</Data><Data Name='TargetLogonId'>0x2f4e11</Data><Data Name='LogonType'>10</Data><Data Name='LogonProcessName'>User32 </Data><Data Name='AuthenticationPackageName'>Negotiate</Data><Data Name='WorkstationName'>R&amp;D-LAPTOP</Data><Data Name='LogonGuid'>{00000000-0000-0000-0000-000000000000}</Data><Data Name='TransmittedServices'>-</Data><Data Name='LmPackageName'>-</Data><Data Name='KeyLength'>0</Data><Data Name='ProcessId'>0x3f8</Data><Data Name='ProcessName'>C:\Windows\System32\svchost.exe</Data><Data Name='IpAddress'>203.0.113.9</Data><Data Name='IpPort'>51877</Data><Data Name='ImpersonationLevel'>%%1833</Data><Data Name='RestrictedAdminMode'>No</Data><Data Name='TargetOutboundUserName'>-</Data><Data Name='TargetOutboundDomainName'>-</Data><Data Name='VirtualAccount'>%%1843</Data><Data Name='TargetLinkedLogonId'>0x2f4e2a</Data><Data Name='ElevatedToken'>%%1842</Data></EventData></Event>
<Event xmlns="http://schemas.microsoft.com/win/2004/08/events/event"><System><Provider Name="Microsoft-Windows-Security-Auditing" Guid="{54849625-5478-4994-A5BA-3E3B0328C30D}"/><EventID>4625</EventID><Version>0</Version><Level>0</Level><Task>12546</Task><Opcode>0</Opcode><Keywords>0x8010000000000000</Keywords><TimeCreated SystemTime="2015-09-08T22:54:54.962511700Z"/><EventRecordID>229977</EventRecordID><Correlation/><Execution ProcessID="516" ThreadID="3240"/><Channel>Security</Channel><Computer>DC01.contoso.local</Computer><Security/></System><EventData><Data Name="SubjectUserSid">S-1-5-18</Data><Data Name="SubjectUserName">DC01$</Data><Data Name="SubjectDomainName">CONTOSO</Data><Data Name="SubjectLogonId">0x3e7</Data><Data Name="TargetUserSid">S-1-0-0</Data><Data Name="TargetUserName">Auditor</Data><Data Name="TargetDomainName">CONTOSO</Data><Data Name="Status">0xc0000234</Data><Data Name="FailureReason">%%2307</Data><Data Name="SubStatus">0x0</Data><Data Name="LogonType">2</Data><Data Name="LogonProcessName">User32</Data><Data Name="AuthenticationPackageName">Negotiate</Data><Data Name="WorkstationName">DC01</Data><Data Name="TransmittedServices">-</Data><Data Name="LmPackageName">-</Data><Data Name="KeyLength">0</Data><Data Name="ProcessId">0x1bc</Data><Data Name="ProcessName">C:\Windows\System32\winlogon.exe</Data><Data Name="IpAddress">127.0.0.1</Data><Data Name="IpPort">0</Data></EventData></Event>
<Event xmlns='http://schemas.microsoft.com/win/2004/08/events/event'> <System> <Provider Name='Microsoft-Windows-Security-Auditing' Guid='{54849625-5478-4994-A5BA-3E3B0328C30D}'/> <EventID>4625</EventID> <Version>0</Version> <Level>0</Level> <Task>12546</Task> <Opcode>0</Opcode> <Keywords>0x8010000000000000</Keywords> <TimeCreated SystemTime='2026-09-05T10:17:44.0071234Z'/> <EventRecordID>884230</EventRecordID> <Correlation/> <Execution ProcessID='712' ThreadID='4400'/> <Channel>Security</Channel> <Computer>FS01.contoso.local</Computer> <Security/> </System> <EventData> <Data Name='SubjectUserSid'>S-1-0-0</Data> <Data Name='SubjectUserName'>-</Data> <Data Name='SubjectDomainName'>-</Data> <Data Name='SubjectLogonId'>0x0</Data> <Data Name='TargetUserSid'>S-1-0-0</Data> <Data Name='TargetUserName'>jdoe</Data> <Data Name='TargetDomainName'>CONTOSO</Data> <Data Name='Status'>0xc000006d</Data> <Data Name='FailureReason'>%%2313</Data> <Data Name='SubStatus'>0xc000006a</Data> <Data Name='LogonType'>3</Data> <Data Name='LogonProcessName'>NtLmSsp </Data> <Data Name='AuthenticationPackageName'>NTLM</Data> <Data Name='WorkstationName'>-</Data> <Data Name='TransmittedServices'>-</Data> <Data Name='LmPackageName'>-</Data> <Data Name='KeyLength'>0</Data> <Data Name='ProcessId'>0x0</Data> <Data Name='ProcessName'>-</Data> <Data Name='IpAddress'>203.0.113.9</Data> <Data Name='IpPort'>51234</Data> </EventData> </Event>
<Event xmlns='http://schemas.microsoft.com/win/2004/08/events/event'><System><Provider Name='Microsoft-Windows-Security-Auditing' Guid='{54849625-5478-4994-A5BA-3E3B0328C30D}'/><EventID>4625</EventID><Version>0</Version><Level>0</Level><Task>12546</Task><Opcode>0</Opcode><Keywords>0x8010000000000000</Keywords><TimeCreated SystemTime='2026-09-05T10:18:01.9999999Z'/><EventRecordID>884231</EventRecordID><Correlation/><Execution ProcessID='712' ThreadID='4400'/><Channel>Security</Channel><Computer>FS01.contoso.local</Computer><Security/></System><EventData><Data Name='SubjectUserSid'>S-1-5-18</Data><Data Name='SubjectUserName'>FS01$</Data><Data Name='SubjectDomainName'>CONTOSO</Data><Data Name='SubjectLogonId'>0x3e7</Data><Data Name='TargetUserSid'>S-1-0-0</Data><Data Name='TargetUserName'>administrator</Data><Data Name='TargetDomainName'></Data><Data Name='Status'>0xc000006d</Data><Data Name='FailureReason'>%%2313</Data><Data Name='SubStatus'>0xc0000064</Data><Data Name='LogonType'>10</Data><Data Name='LogonProcessName'>User32 </Data><Data Name='AuthenticationPackageName'>Negotiate</Data><Data Name='WorkstationName'>FS01</Data><Data Name='TransmittedServices'>-</Data><Data Name='LmPackageName'>-</Data><Data Name='KeyLength'>0</Data><Data Name='ProcessId'>0x3f8</Data><Data Name='ProcessName'>C:\Windows\System32\svchost.exe</Data><Data Name='IpAddress'>198.51.100.7</Data><Data Name='IpPort'>3389</Data></EventData></Event>
<Event xmlns="http://schemas.microsoft.com/win/2004/08/events/event"><System><Provider Name="Microsoft-Windows-Security-Auditing" Guid="{54849625-5478-4994-A5BA-3E3B0328C30D}"/><EventID>4720</EventID><Version>0</Version><Level>0</Level><Task>13824</Task><Opcode>0</Opcode><Keywords>0x8020000000000000</Keywords><TimeCreated SystemTime="2015-08-20T16:22:02.759912000Z"/><EventRecordID>175408</EventRecordID><Correlation/><Execution ProcessID="520" ThreadID="1508"/><Channel>Security</Channel><Computer>DC01.contoso.local</Computer><Security/></System><EventData><Data Name="TargetUserName">ksmith</Data><Data Name="TargetDomainName">CONTOSO</Data><Data Name="TargetSid">S-1-5-21-3457937927-2839227994-823803824-6609</Data><Data Name="SubjectUserSid">S-1-5-21-3457937927-2839227994-823803824-1104</Data><Data Name="SubjectUserName">dadmin</Data><Data Name="SubjectDomainName">CONTOSO</Data><Data Name="SubjectLogonId">0x30dc2</Data><Data Name="PrivilegeList">-</Data><Data Name="SamAccountName">ksmith</Data><Data Name="DisplayName">Ken Smith</Data><Data Name="UserPrincipalName">ksmith@contoso.local</Data><Data Name="HomeDirectory">-</Data><Data Name="HomePath">-</Data><Data Name="ScriptPath">-</Data><Data Name="ProfilePath">-</Data><Data Name="UserWorkstations">-</Data><Data Name="PasswordLastSet">%%1794</Data><Data Name="AccountExpires">%%1794</Data><Data Name="PrimaryGroupId">513</Data><Data Name="AllowedToDelegateTo">-</Data><Data Name="OldUacValue">0x0</Data><Data Name="NewUacValue">0x15</Data><Data Name="UserAccountControl">%%2080 %%2082 %%2084</Data><Data Name="UserParameters">-</Data><Data Name="SidHistory">-</Data><Data Name="LogonHours">%%1793</Data></EventData></Event>
<Event xmlns='http://schemas.microsoft.com/win/2004/08/events/event'><System><Provider Name='Microsoft-Windows-Security-Auditing' Guid='{54849625-5478-4994-A5BA-3E3B0328C30D}'/><EventID>4720</EventID><Version>0</Version><Level>0</Level><Task>13824</Task><Opcode>0</Opcode><Keywords>0x8020000000000000</Keywords><TimeCreated SystemTime='2026-09-05T10:20:15.3311000Z'/><EventRecordID>4021</EventRecordID><Correlation/><Execution ProcessID='704' ThreadID='5120'/><Channel>Security</Channel><Computer>WS-042</Computer><Security/></System><EventData><Data Name='TargetUserName'>svc_backup</Data><Data Name='TargetDomainName'>WS-042</Data><Data Name='TargetSid'>S-1-5-21-1004336348-1177238915-682003330-1005</Data><Data Name='SubjectUserSid'>S-1-5-21-1004336348-1177238915-682003330-500</Data><Data Name='SubjectUserName'>localadmin</Data><Data Name='SubjectDomainName'>WS-042</Data><Data Name='SubjectLogonId'>0x5f3a2</Data><Data Name='PrivilegeList'>-</Data><Data Name='SamAccountName'>svc_backup</Data><Data Name='DisplayName'>&lt;value not set&gt;</Data><Data Name='UserPrincipalName'>-</Data><Data Name='HomeDirectory'>&lt;value not set&gt;</Data><Data Name='HomePath'>&lt;value not set&gt;</Data><Data Name='ScriptPath'>&lt;value not set&gt;</Data><Data Name='ProfilePath'>&lt;value not set&gt;</Data><Data Name='UserWorkstations'>&lt;value not set&gt;</Data><Data Name='PasswordLastSet'>%%1794</Data><Data Name='AccountExpires'>%%1794</Data><Data Name='PrimaryGroupId'>513</Data><Data Name='AllowedToDelegateTo'>-</Data><Data Name='OldUacValue'>0x0</Data><Data Name='NewUacValue'>0x15</Data><Data Name='UserAccountControl'>%%2080 %%2082 %%2084</Data><Data Name='UserParameters'>&lt;value not set&gt;</Data><Data Name='SidHistory'>-</Data><Data Name='LogonHours'>All</Data></EventData></Event>
<Event xmlns='http://schemas.microsoft.com/win/2004/08/events/event'><System><Provider Name='Microsoft-Windows-Sysmon' Guid='{5770385F-C22A-43E0-BF4C-06F5698FFBD9}'/><EventID>1</EventID><Version>5</Version><Level>4</Level><Task>1</Task><Opcode>0</Opcode><Keywords>0x8000000000000000</Keywords><TimeCreated SystemTime='2026-09-05T10:21:07.4123456Z'/><EventRecordID>90211</EventRecordID><Correlation/><Execution ProcessID='3364' ThreadID='4612'/><Channel>Microsoft-Windows-Sysmon/Operational</Channel><Computer>WS-042.contoso.local</Computer><Security UserID='S-1-5-18'/></System><EventData><Data Name='RuleName'>-</Data><Data Name='UtcTime'>2026-09-05 10:21:07.412</Data><Data Name='ProcessGuid'>{a23eae89-bd56-5903-0000-0010e9d95c00}</Data><Data Name='ProcessId'>6228</Data><Data Name='Image'>C:\Windows\System32\notepad.exe</Data><Data Name='FileVersion'>10.0.19041.1 (WinBuild.160101.0800)</Data><Data Name='Description'>Notepad</Data><Data Name='Product'>Microsoft&#174; Windows&#174; Operating System</Data><Data Name='Company'>Microsoft Corporation</Data><Data Name='OriginalFileName'>NOTEPAD.EXE</Data><Data Name='CommandLine'>&quot;C:\Windows\System32\notepad.exe&quot; C:\Users\jdoe\notes.txt</Data><Data Name='CurrentDirectory'>C:\Users\jdoe\</Data><Data Name='User'>CONTOSO\jdoe</Data><Data Name='LogonGuid'>{a23eae89-b357-5903-0000-002005eb0700}</Data><Data Name='LogonId'>0x7eb05</Data><Data Name='TerminalSessionId'>1</Data><Data Name='IntegrityLevel'>Medium</Data><Data Name='Hashes'>SHA256=6B4DB7FE11BC1E4BFDE7F7F6ED6C9C44C9C7B1E0F43F1B75A8A2E6A2C0D9B8E1</Data><Data Name='ParentProcessGuid'>{a23eae89-b358-5903-0000-00105a0f0800}</Data><Data Name='ParentProcessId'>4180</Data><Data Name='ParentImage'>C:\Windows\explorer.exe</Data><Data Name='ParentCommandLine'>C:\Windows\Explorer.EXE</Data><Data Name='ParentUser'>CONTOSO\jdoe</Data></EventData></Event>
<Event xmlns='http://schemas.microsoft.com/win/2004/08/events/event'><System><Provider Name='Microsoft-Windows-Sysmon' Guid='{5770385F-C22A-43E0-BF4C-06F5698FFBD9}'/><EventID>1</EventID><Version>5</Version><Level>4</Level><Task>1</Task><Opcode>0</Opcode><Keywords>0x8000000000000000</Keywords><TimeCreated SystemTime='2026-09-05T10:22:30.0012345Z'/><EventRecordID>90240</EventRecordID><Correlation/><Execution ProcessID='3364' ThreadID='4612'/><Channel>Microsoft-Windows-Sysmon/Operational</Channel><Computer>WS-042.contoso.local</Computer><Security UserID='S-1-5-18'/></System><EventData><Data Name='RuleName'>technique_id=T1059.003,technique_name=Windows Command Shell</Data><Data Name='UtcTime'>2026-09-05 10:22:30.001</Data><Data Name='ProcessGuid'>{a23eae89-bd56-5903-0000-0010f1e05c00}</Data><Data Name='ProcessId'>7712</Data><Data Name='Image'>C:\Windows\System32\cmd.exe</Data><Data Name='FileVersion'>10.0.19041.1 (WinBuild.160101.0800)</Data><Data Name='Description'>Windows Command Processor</Data><Data Name='Product'>Microsoft&#174; Windows&#174; Operating System</Data><Data Name='Company'>Microsoft Corporation</Data><Data Name='OriginalFileName'>Cmd.Exe</Data><Data Name='CommandLine'>cmd.exe /c &quot;whoami /all &amp; net user &gt; C:\Users\Public\out.txt&quot;</Data><Data Name='CurrentDirectory'>C:\Users\Public\</Data><Data Name='User'>CONTOSO\jdoe</Data><Data Name='LogonGuid'>{a23eae89-b357-5903-0000-002005eb0700}</Data><Data Name='LogonId'>0x7eb05</Data><Data Name='TerminalSessionId'>1</Data><Data Name='IntegrityLevel'>High</Data><Data Name='Hashes'>SHA1=8DCA9749CD48D286950E7A9FA1CE8C60E5D6A2B0,MD5=2A5B2B4A3E7F4D2C1B0A9F8E7D6C5B4A</Data><Data Name='ParentProcessGuid'>{a23eae89-bd50-5903-0000-0010c8b25c00}</Data><Data Name='ParentProcessId'>5540</Data><Data Name='ParentImage'>C:\Windows\System32\WindowsPowerShell\v1.0\powershell.exe</Data><Data Name='ParentCommandLine'>&quot;C:\Windows\System32\WindowsPowerShell\v1.0\powershell.exe&quot; -nop -w hidden -enc SQBFAFgA</Data><Data Name='ParentUser'>CONTOSO\jdoe</Data></EventData></Event>
<Event xmlns='http://schemas.microsoft.com/win/2004/08/events/event'><System><Provider Name='Microsoft-Windows-Sysmon' Guid='{5770385F-C22A-43E0-BF4C-06F5698FFBD9}'/><EventID>3</EventID><Version>5</Version><Level>4</Level><Task>3</Task><Opcode>0</Opcode><Keywords>0x8000000000000000</Keywords><TimeCreated SystemTime='2026-09-05T10:22:32.1000000Z'/><EventRecordID>90244</EventRecordID><Correlation/><Execution ProcessID='3364' ThreadID='4612'/><Channel>Microsoft-Windows-Sysmon/Operational</Channel><Computer>WS-042.contoso.local</Computer><Security UserID='S-1-5-18'/></System><EventData><Data Name='RuleName'>-</Data><Data Name='UtcTime'>2026-09-05 10:22:31.550</Data><Data Name='ProcessGuid'>{a23eae89-bd56-5903-0000-0010f1e05c00}</Data><Data Name='ProcessId'>7712</Data><Data Name='Image'>C:\Windows\System32\cmd.exe</Data><Data Name='User'>CONTOSO\jdoe</Data><Data Name='Protocol'>tcp</Data><Data Name='Initiated'>true</Data><Data Name='SourceIsIpv6'>false</Data><Data Name='SourceIp'>10.0.0.42</Data><Data Name='SourceHostname'>WS-042.contoso.local</Data><Data Name='SourcePort'>52117</Data><Data Name='SourcePortName'>-</Data><Data Name='DestinationIsIpv6'>false</Data><Data Name='DestinationIp'>203.0.113.9</Data><Data Name='DestinationHostname'>-</Data><Data Name='DestinationPort'>443</Data><Data Name='DestinationPortName'>https</Data></EventData></Event>
<Event xmlns='http://schemas.microsoft.com/win/2004/08/events/event'><System><Provider Name='Microsoft-Windows-Sysmon' Guid='{5770385F-C22A-43E0-BF4C-06F5698FFBD9}'/><EventID>3</EventID><Version>5</Version><Level>4</Level><Task>3</Task><Opcode>0</Opcode><Keywords>0x8000000000000000</Keywords><TimeCreated SystemTime='2026-09-05T10:22:32.2000000Z'/><EventRecordID>90245</EventRecordID><Correlation/><Execution ProcessID='3364' ThreadID='4612'/><Channel>Microsoft-Windows-Sysmon/Operational</Channel><Computer>WS-042.contoso.local</Computer><Security UserID='S-1-5-18'/></System><EventData><Data Name='RuleName'>-</Data><Data Name='UtcTime'>2026-09-05 10:22:31.601</Data><Data Name='ProcessGuid'>{a23eae89-b2a1-5903-0000-00104c780500}</Data><Data Name='ProcessId'>1428</Data><Data Name='Image'>C:\Windows\System32\svchost.exe</Data><Data Name='User'>NT AUTHORITY\NETWORK SERVICE</Data><Data Name='Protocol'>udp</Data><Data Name='Initiated'>true</Data><Data Name='SourceIsIpv6'>true</Data><Data Name='SourceIp'>2001:db8:1::42</Data><Data Name='SourceHostname'>WS-042.contoso.local</Data><Data Name='SourcePort'>61024</Data><Data Name='SourcePortName'>-</Data><Data Name='DestinationIsIpv6'>true</Data><Data Name='DestinationIp'>2001:db8:1::53</Data><Data Name='DestinationHostname'>dc01.contoso.local</Data><Data Name='DestinationPort'>53</Data><Data Name='DestinationPortName'>domain</Data></EventData></Event>
<Event xmlns='http://schemas.microsoft.com/win/2004/08/events/event'><System><Provider Name='Microsoft-Windows-Sysmon' Guid='{5770385F-C22A-43E0-BF4C-06F5698FFBD9}'/><EventID>11</EventID><Version>2</Version><Level>4</Level><Task>11</Task><Opcode>0</Opcode><Keywords>0x8000000000000000</Keywords><TimeCreated SystemTime='2026-09-05T10:23:05.2190000Z'/><EventRecordID>90251</EventRecordID><Correlation/><Execution ProcessID='3364' ThreadID='4612'/><Channel>Microsoft-Windows-Sysmon/Operational</Channel><Computer>WS-042.contoso.local</Computer><Security UserID='S-1-5-18'/></System><EventData><Data Name='RuleName'>-</Data><Data Name='UtcTime'>2026-09-05 10:23:05.219</Data><Data Name='ProcessGuid'>{a23eae89-bc10-5903-0000-0010a4b45b00}</Data><Data Name='ProcessId'>8804</Data><Data Name='Image'>C:\Program Files\Mozilla Firefox\firefox.exe</Data><Data Name='TargetFilename'>C:\Users\jdoe\Downloads\invoice.pdf.exe</Data><Data Name='CreationUtcTime'>2026-09-05 10:23:05.219</Data><Data Name='User'>CONTOSO\jdoe</Data></EventData></Event>
<Event xmlns='http://schemas.microsoft.com/win/2004/08/events/event'><System><Provider Name='Microsoft-Windows-Sysmon' Guid='{5770385F-C22A-43E0-BF4C-06F5698FFBD9}'/><EventID>11</EventID><Version>2</Version><Level>4</Level><Task>11</Task><Opcode>0</Opcode><Keywords>0x8000000000000000</Keywords><TimeCreated SystemTime='2026-09-05T10:23:40.0000000Z'/><EventRecordID>90260</EventRecordID><Correlation/><Execution ProcessID='3364' ThreadID='4612'/><Channel>Microsoft-Windows-Sysmon/Operational</Channel><Computer>WS-042.contoso.local</Computer><Security UserID='S-1-5-18'/></System><EventData><Data Name='RuleName'>-</Data><Data Name='UtcTime'>2026-09-05 10:23:40.000</Data><Data Name='ProcessGuid'>{a23eae89-bd60-5903-0000-0010aa115d00}</Data><Data Name='ProcessId'>9120</Data><Data Name='Image'>C:\Program Files\Microsoft Office\root\Office16\WINWORD.EXE</Data><Data Name='TargetFilename'>C:\Users\jdoe\Documents\Zusammenfassung – Bericht Q3.docx</Data><Data Name='CreationUtcTime'>2026-09-05 10:23:39.998</Data><Data Name='User'>CONTOSO\jdoe</Data></EventData></Event>
